<?xml version="1.0" encoding="UTF-8"?>
<!-- Generated by org.testng.reporters.JUnitReportReporter -->
<testsuite name="pack2.NewTest" tests="1" time="4.428" ignored="0" failures="0" timestamp="17 Sep 2017 14:39:22 GMT" skipped="0" hostname="Hari-Think" errors="0">
  <testcase name="testEasy" time="4.428" classname="pack2.NewTest"/>
</testsuite> <!-- pack2.NewTest -->
